[2026-02-06 13:08:58] 🚀 开始执行每日任务...
[2026-02-06 13:08:58] 📊 收集竞品动态数据...
[2026-02-06 13:08:58] 📊 收集社交趋势数据...
[2026-02-06 13:08:58] 🔄 同步到GitHub...
[2026-02-06 13:08:58] ⚠️ 未配置GitHub token，跳过推送
[2026-02-06 13:08:58] ✅ 每日任务执行完成
[2026-02-07 10:27:33] 🚀 ========== 开始执行每日任务 ==========
[2026-02-07 10:27:33] 周末，跳过新闻调研任务
[2026-02-09 09:00:01] 🚀 ========== 开始执行每日任务 ==========
[2026-02-09 09:00:01] 🚀 ========== 开始执行每日任务 ==========
[2026-02-09 09:00:01] 📰 收集每日新闻...
[2026-02-09 09:00:01] 📰 收集每日新闻...
[2026-02-10 09:00:01] 🚀 ========== 开始执行每日任务 ==========
[2026-02-10 09:00:01] 🚀 ========== 开始执行每日任务 ==========
[2026-02-10 09:00:01] 📰 收集每日新闻...
[2026-02-10 09:00:01] 📰 收集每日新闻...
[2026-02-11 09:00:01] 🚀 ========== 开始执行每日任务 ==========
[2026-02-11 09:00:01] 🚀 ========== 开始执行每日任务 ==========
[2026-02-11 09:00:01] 📰 收集每日新闻...
[2026-02-11 09:00:01] 📰 收集每日新闻...
[2026-02-11 16:07:30] 🚀 ========== 开始执行每日任务 ==========
[2026-02-11 16:07:30] 📅 日期: 2026年02月11日 (2026-02-11)
[2026-02-11 16:07:30] 📊 收集竞品动态数据...
[2026-02-11 16:07:30] ✅ 竞品数据已保存
[2026-02-11 16:07:30] 🎨 收集社交趋势数据...
[2026-02-11 16:07:30] ✅ 社交趋势数据已保存
[2026-02-11 16:07:30] 📱 生成每日新闻摘要...
[2026-02-11 16:07:30] ⚠️ 未配置Telegram Bot Token，跳过发送
[2026-02-11 16:07:30] 🔄 检查是否需要同步到GitHub...
[2026-02-11 16:07:30] ⚠️ GitHub token未配置，跳过同步
[2026-02-11 16:07:30] ✅ ========== 每日任务执行完成 ==========
[2026-02-12 09:00:01] 🚀 ========== 开始每日任务: 2026-02-12 ==========
[2026-02-12 09:00:01] 🚀 ========== 开始每日任务: 2026-02-12 ==========
[2026-02-12 09:00:01] 📊 生成数据...
[2026-02-12 09:00:01] 📊 生成数据...
[2026-02-12 09:00:01] ✅ 数据已生成
[2026-02-12 09:00:01] ✅ 数据已生成
[2026-02-12 09:00:01] 📱 发送Telegram消息...
[2026-02-12 09:00:01] 📱 发送Telegram消息...
/usr/bin/env: ‘node’: No such file or directory
[2026-02-12 09:00:01] ⚠️ Telegram发送可能失败，检查日志
[2026-02-12 09:00:01] ⚠️ Telegram发送可能失败，检查日志
[2026-02-12 09:00:01] 🔄 推送到GitHub...
[2026-02-12 09:00:01] 🔄 推送到GitHub...
[main ec48553] Auto-update: 2026年02月12日
 4 files changed, 50 insertions(+)
 create mode 100644 daily-news.log
 create mode 100644 data/competitor/2026-02-12.json
 create mode 100644 data/social/2026-02-12.json
To https://github.com/skyheming/dailyResearcher.git
   debcbea..ec48553  main -> main
[2026-02-12 09:00:02] ✅ GitHub推送成功
[2026-02-12 09:00:02] ✅ GitHub推送成功
[2026-02-12 09:00:02] ✅ ========== 每日任务完成 ==========
[2026-02-12 09:00:02] ✅ ========== 每日任务完成 ==========
[2026-02-13 09:00:01] 🚀 ========== 开始每日任务: 2026-02-13 ==========
[2026-02-13 09:00:01] 🚀 ========== 开始每日任务: 2026-02-13 ==========
[2026-02-13 09:00:01] 📊 生成数据...
[2026-02-13 09:00:01] 📊 生成数据...
[2026-02-13 09:00:01] ✅ 数据已生成
[2026-02-13 09:00:01] ✅ 数据已生成
[2026-02-13 09:00:01] 📱 发送Telegram消息...
[2026-02-13 09:00:01] 📱 发送Telegram消息...
/usr/bin/env: ‘node’: No such file or directory
[2026-02-13 09:00:01] ⚠️ Telegram发送可能失败，检查日志
[2026-02-13 09:00:01] ⚠️ Telegram发送可能失败，检查日志
[2026-02-13 09:00:01] 🔄 推送到GitHub...
[2026-02-13 09:00:01] 🔄 推送到GitHub...
[main 72bfe40] Auto-update: 2026年02月13日
 7 files changed, 617 insertions(+), 402 deletions(-)
 create mode 100644 data/competitor/2026-02-13.json
 create mode 100644 data/social/2026-02-13.json
To https://github.com/skyheming/dailyResearcher.git
   74e7df3..72bfe40  main -> main
[2026-02-13 09:00:03] ✅ GitHub推送成功
[2026-02-13 09:00:03] ✅ GitHub推送成功
[2026-02-13 09:00:03] ✅ ========== 每日任务完成 ==========
[2026-02-13 09:00:03] ✅ ========== 每日任务完成 ==========
[2026-02-14 09:00:01] 🚀 ========== 开始每日任务: 2026-02-14 ==========
[2026-02-14 09:00:01] 🚀 ========== 开始每日任务: 2026-02-14 ==========
[2026-02-14 09:00:01] 周末，跳过
[2026-02-14 09:00:01] 周末，跳过
[2026-02-15 09:00:01] 🚀 ========== 开始每日任务: 2026-02-15 ==========
[2026-02-15 09:00:01] 🚀 ========== 开始每日任务: 2026-02-15 ==========
[2026-02-15 09:00:01] 周末，跳过
[2026-02-15 09:00:01] 周末，跳过
[2026-02-16 09:00:01] 🚀 ========== 开始每日任务: 2026-02-16 ==========
[2026-02-16 09:00:01] 🚀 ========== 开始每日任务: 2026-02-16 ==========
[2026-02-16 09:00:01] 📊 生成数据...
[2026-02-16 09:00:01] 📊 生成数据...
[2026-02-16 09:00:01] ✅ 数据已生成
[2026-02-16 09:00:01] ✅ 数据已生成
[2026-02-16 09:00:01] 📱 发送Telegram消息...
[2026-02-16 09:00:01] 📱 发送Telegram消息...
/usr/bin/env: ‘node’: No such file or directory
[2026-02-16 09:00:01] ⚠️ Telegram发送可能失败，检查日志
[2026-02-16 09:00:01] ⚠️ Telegram发送可能失败，检查日志
[2026-02-16 09:00:01] 🔄 推送到GitHub...
[2026-02-16 09:00:01] 🔄 推送到GitHub...
[main 6f55477] Auto-update: 2026年02月16日
 9 files changed, 1160 insertions(+), 518 deletions(-)
 create mode 100644 data/competitor/2026-02-16.json
 create mode 100644 data/social/2026-02-16.json
 create mode 100644 memory/2026-02-13.md
 create mode 100644 memory/social-trends-report-2026-02-13.md
 create mode 100644 memory/social-trends-table-2026-02-13.csv
To https://github.com/skyheming/dailyResearcher.git
   72bfe40..6f55477  main -> main
[2026-02-16 09:00:02] ✅ GitHub推送成功
[2026-02-16 09:00:02] ✅ GitHub推送成功
[2026-02-16 09:00:02] ✅ ========== 每日任务完成 ==========
[2026-02-16 09:00:02] ✅ ========== 每日任务完成 ==========
[2026-02-17 09:00:02] 🚀 ========== 开始每日任务: 2026-02-17 ==========
[2026-02-17 09:00:02] 🚀 ========== 开始每日任务: 2026-02-17 ==========
[2026-02-17 09:00:02] 📊 生成数据...
[2026-02-17 09:00:02] 📊 生成数据...
[2026-02-17 09:00:02] ✅ 数据已生成
[2026-02-17 09:00:02] ✅ 数据已生成
[2026-02-17 09:00:02] 📱 发送Telegram消息...
[2026-02-17 09:00:02] 📱 发送Telegram消息...
/usr/bin/env: ‘node’: No such file or directory
[2026-02-17 09:00:02] ⚠️ Telegram发送可能失败，检查日志
[2026-02-17 09:00:02] ⚠️ Telegram发送可能失败，检查日志
[2026-02-17 09:00:02] 🔄 推送到GitHub...
[2026-02-17 09:00:02] 🔄 推送到GitHub...
[main 2b56cc9] Auto-update: 2026年02月17日
 4 files changed, 59 insertions(+)
 create mode 100644 data/competitor/2026-02-17.json
 create mode 100644 data/social/2026-02-17.json
To https://github.com/skyheming/dailyResearcher.git
   6f55477..2b56cc9  main -> main
[2026-02-17 09:00:03] ✅ GitHub推送成功
[2026-02-17 09:00:03] ✅ GitHub推送成功
[2026-02-17 09:00:03] ✅ ========== 每日任务完成 ==========
[2026-02-17 09:00:03] ✅ ========== 每日任务完成 ==========
[2026-02-18 09:00:01] 🚀 ========== 开始每日任务: 2026-02-18 ==========
[2026-02-18 09:00:01] 🚀 ========== 开始每日任务: 2026-02-18 ==========
[2026-02-18 09:00:01] 📊 生成数据...
[2026-02-18 09:00:01] 📊 生成数据...
[2026-02-18 09:00:01] ✅ 数据已生成
[2026-02-18 09:00:01] ✅ 数据已生成
[2026-02-18 09:00:01] 📱 发送Telegram消息...
[2026-02-18 09:00:01] 📱 发送Telegram消息...
/usr/bin/env: ‘node’: No such file or directory
[2026-02-18 09:00:02] ⚠️ Telegram发送可能失败，检查日志
[2026-02-18 09:00:02] ⚠️ Telegram发送可能失败，检查日志
[2026-02-18 09:00:02] 🔄 推送到GitHub...
[2026-02-18 09:00:02] 🔄 推送到GitHub...
[main ef804bf] Auto-update: 2026年02月18日
 4 files changed, 57 insertions(+)
 create mode 100644 data/competitor/2026-02-18.json
 create mode 100644 data/social/2026-02-18.json
To https://github.com/skyheming/dailyResearcher.git
   2b56cc9..ef804bf  main -> main
[2026-02-18 09:00:04] ✅ GitHub推送成功
[2026-02-18 09:00:04] ✅ GitHub推送成功
[2026-02-18 09:00:04] ✅ ========== 每日任务完成 ==========
[2026-02-18 09:00:04] ✅ ========== 每日任务完成 ==========
[2026-02-19 09:00:02] 🚀 ========== 开始每日任务: 2026-02-19 ==========
[2026-02-19 09:00:02] 🚀 ========== 开始每日任务: 2026-02-19 ==========
[2026-02-19 09:00:02] 📊 生成数据...
[2026-02-19 09:00:02] 📊 生成数据...
[2026-02-19 09:00:02] ✅ 数据已生成
[2026-02-19 09:00:02] ✅ 数据已生成
[2026-02-19 09:00:02] 📱 发送Telegram消息...
[2026-02-19 09:00:02] 📱 发送Telegram消息...
/usr/bin/env: ‘node’: No such file or directory
[2026-02-19 09:00:02] ⚠️ Telegram发送可能失败，检查日志
[2026-02-19 09:00:02] ⚠️ Telegram发送可能失败，检查日志
[2026-02-19 09:00:02] 🔄 推送到GitHub...
[2026-02-19 09:00:02] 🔄 推送到GitHub...
[main 70e30e1] Auto-update: 2026年02月19日
 4 files changed, 55 insertions(+)
 create mode 100644 data/competitor/2026-02-19.json
 create mode 100644 data/social/2026-02-19.json
To https://github.com/skyheming/dailyResearcher.git
   ef804bf..70e30e1  main -> main
[2026-02-19 09:00:03] ✅ GitHub推送成功
[2026-02-19 09:00:03] ✅ GitHub推送成功
[2026-02-19 09:00:03] ✅ ========== 每日任务完成 ==========
[2026-02-19 09:00:03] ✅ ========== 每日任务完成 ==========
[2026-02-20 09:00:02] 🚀 ========== 开始每日任务: 2026-02-20 ==========
[2026-02-20 09:00:02] 🚀 ========== 开始每日任务: 2026-02-20 ==========
[2026-02-20 09:00:02] 📊 生成数据...
[2026-02-20 09:00:02] 📊 生成数据...
[2026-02-20 09:00:02] ✅ 数据已生成
[2026-02-20 09:00:02] ✅ 数据已生成
[2026-02-20 09:00:02] 📱 发送Telegram消息...
[2026-02-20 09:00:02] 📱 发送Telegram消息...
/usr/bin/env: ‘node’: No such file or directory
[2026-02-20 09:00:02] ⚠️ Telegram发送可能失败，检查日志
[2026-02-20 09:00:02] ⚠️ Telegram发送可能失败，检查日志
[2026-02-20 09:00:02] 🔄 推送到GitHub...
[2026-02-20 09:00:02] 🔄 推送到GitHub...
[main 3f13a37] Auto-update: 2026年02月20日
 4 files changed, 57 insertions(+)
 create mode 100644 data/competitor/2026-02-20.json
 create mode 100644 data/social/2026-02-20.json
To https://github.com/skyheming/dailyResearcher.git
   70e30e1..3f13a37  main -> main
[2026-02-20 09:00:03] ✅ GitHub推送成功
[2026-02-20 09:00:03] ✅ GitHub推送成功
[2026-02-20 09:00:03] ✅ ========== 每日任务完成 ==========
[2026-02-20 09:00:03] ✅ ========== 每日任务完成 ==========
[2026-02-21 09:00:01] 🚀 ========== 开始每日任务: 2026-02-21 ==========
[2026-02-21 09:00:01] 🚀 ========== 开始每日任务: 2026-02-21 ==========
[2026-02-21 09:00:01] 周末，跳过
[2026-02-21 09:00:01] 周末，跳过
[2026-02-22 09:00:01] 🚀 ========== 开始每日任务: 2026-02-22 ==========
[2026-02-22 09:00:01] 🚀 ========== 开始每日任务: 2026-02-22 ==========
[2026-02-22 09:00:01] 周末，跳过
[2026-02-22 09:00:01] 周末，跳过
[2026-02-22 18:38:57] 🚀 ========== 开始每日任务: 2026-02-22 ==========
[2026-02-22 18:38:57] 📊 生成数据...
[2026-02-22 18:38:57] ✅ 数据已生成
[2026-02-22 18:38:57] 📱 发送Telegram消息...
[2026-02-23 09:00:02] 🚀 ========== 开始每日任务: 2026-02-23 ==========
[2026-02-23 09:00:02] 🚀 ========== 开始每日任务: 2026-02-23 ==========
[2026-02-23 09:00:02] 📊 生成数据...
[2026-02-23 09:00:02] 📊 生成数据...
[2026-02-23 09:00:02] ✅ 数据已生成
[2026-02-23 09:00:02] ✅ 数据已生成
[2026-02-23 09:00:02] 📱 发送Telegram消息...
[2026-02-23 09:00:02] 📱 发送Telegram消息...
/usr/bin/env: ‘node’: No such file or directory
[2026-02-23 09:00:02] ⚠️ Telegram发送可能失败，检查日志
[2026-02-23 09:00:02] ⚠️ Telegram发送可能失败，检查日志
[2026-02-23 09:00:02] 🔄 推送到GitHub...
[2026-02-23 09:00:02] 🔄 推送到GitHub...
[main 51006f9] Auto-update: 2026年02月23日
 6 files changed, 97 insertions(+), 1 deletion(-)
 create mode 100644 data/competitor/2026-02-23.json
 create mode 100644 data/social/2026-02-23.json
 create mode 100644 memory/2026-02-22.md
To https://github.com/skyheming/dailyResearcher.git
   e508ffb..51006f9  main -> main
[2026-02-23 09:00:02] ✅ GitHub推送成功
[2026-02-23 09:00:02] ✅ GitHub推送成功
[2026-02-23 09:00:02] ✅ ========== 每日任务完成 ==========
[2026-02-23 09:00:02] ✅ ========== 每日任务完成 ==========
[2026-02-24 09:00:01] 🚀 ========== 开始每日任务: 2026-02-24 ==========
[2026-02-24 09:00:01] 🚀 ========== 开始每日任务: 2026-02-24 ==========
[2026-02-24 09:00:01] 📊 生成数据...
[2026-02-24 09:00:01] 📊 生成数据...
[2026-02-24 09:00:01] ✅ 数据已生成
[2026-02-24 09:00:01] ✅ 数据已生成
[2026-02-24 09:00:01] 📱 发送Telegram消息...
[2026-02-24 09:00:01] 📱 发送Telegram消息...
/usr/bin/env: ‘node’: No such file or directory
[2026-02-24 09:00:01] ⚠️ Telegram发送可能失败，检查日志
[2026-02-24 09:00:01] ⚠️ Telegram发送可能失败，检查日志
[2026-02-24 09:00:01] 🔄 推送到GitHub...
[2026-02-24 09:00:01] 🔄 推送到GitHub...
[main bc08bd2] Auto-update: 2026年02月24日
 4 files changed, 57 insertions(+)
 create mode 100644 data/competitor/2026-02-24.json
 create mode 100644 data/social/2026-02-24.json
To https://github.com/skyheming/dailyResearcher.git
   51006f9..bc08bd2  main -> main
[2026-02-24 09:00:02] ✅ GitHub推送成功
[2026-02-24 09:00:02] ✅ GitHub推送成功
[2026-02-24 09:00:02] ✅ ========== 每日任务完成 ==========
[2026-02-24 09:00:02] ✅ ========== 每日任务完成 ==========
[2026-02-25 09:00:01] 🚀 ========== 开始每日任务: 2026-02-25 ==========
[2026-02-25 09:00:01] 🚀 ========== 开始每日任务: 2026-02-25 ==========
[2026-02-25 09:00:01] 📊 生成数据...
[2026-02-25 09:00:01] 📊 生成数据...
[2026-02-25 09:00:01] ✅ 数据已生成
[2026-02-25 09:00:01] ✅ 数据已生成
[2026-02-25 09:00:01] 📱 发送Telegram消息...
[2026-02-25 09:00:01] 📱 发送Telegram消息...
/usr/bin/env: ‘node’: No such file or directory
[2026-02-25 09:00:01] ⚠️ Telegram发送可能失败，检查日志
[2026-02-25 09:00:01] ⚠️ Telegram发送可能失败，检查日志
[2026-02-25 09:00:01] 🔄 推送到GitHub...
[2026-02-25 09:00:01] 🔄 推送到GitHub...
[main d21b9b8] Auto-update: 2026年02月25日
 4 files changed, 58 insertions(+)
 create mode 100644 data/competitor/2026-02-25.json
 create mode 100644 data/social/2026-02-25.json
To https://github.com/skyheming/dailyResearcher.git
   bc08bd2..d21b9b8  main -> main
[2026-02-25 09:00:02] ✅ GitHub推送成功
[2026-02-25 09:00:02] ✅ GitHub推送成功
[2026-02-25 09:00:02] ✅ ========== 每日任务完成 ==========
[2026-02-25 09:00:02] ✅ ========== 每日任务完成 ==========
[2026-02-26 09:00:01] 🚀 ========== 开始每日任务: 2026-02-26 ==========
[2026-02-26 09:00:01] 🚀 ========== 开始每日任务: 2026-02-26 ==========
[2026-02-26 09:00:01] 📊 生成数据...
[2026-02-26 09:00:01] 📊 生成数据...
[2026-02-26 09:00:01] ✅ 数据已生成
[2026-02-26 09:00:01] ✅ 数据已生成
[2026-02-26 09:00:01] 📱 发送Telegram消息...
[2026-02-26 09:00:01] 📱 发送Telegram消息...
/usr/bin/env: ‘node’: No such file or directory
[2026-02-26 09:00:01] ⚠️ Telegram发送可能失败，检查日志
[2026-02-26 09:00:01] ⚠️ Telegram发送可能失败，检查日志
[2026-02-26 09:00:01] 🔄 推送到GitHub...
[2026-02-26 09:00:01] 🔄 推送到GitHub...
[main e62b673] Auto-update: 2026年02月26日
 3 files changed, 54 insertions(+)
 create mode 100644 data/competitor/2026-02-26.json
 create mode 100644 data/social/2026-02-26.json
To https://github.com/skyheming/dailyResearcher.git
   d21b9b8..e62b673  main -> main
[2026-02-26 09:00:03] ✅ GitHub推送成功
[2026-02-26 09:00:03] ✅ GitHub推送成功
[2026-02-26 09:00:03] ✅ ========== 每日任务完成 ==========
[2026-02-26 09:00:03] ✅ ========== 每日任务完成 ==========
[2026-02-27 09:00:01] 🚀 ========== 开始每日任务: 2026-02-27 ==========
[2026-02-27 09:00:01] 🚀 ========== 开始每日任务: 2026-02-27 ==========
[2026-02-27 09:00:01] 📊 生成数据...
[2026-02-27 09:00:01] 📊 生成数据...
[2026-02-27 09:00:01] ✅ 数据已生成
[2026-02-27 09:00:01] ✅ 数据已生成
[2026-02-27 09:00:01] 📱 发送Telegram消息...
[2026-02-27 09:00:01] 📱 发送Telegram消息...
/usr/bin/env: ‘node’: No such file or directory
[2026-02-27 09:00:01] ⚠️ Telegram发送可能失败，检查日志
[2026-02-27 09:00:01] ⚠️ Telegram发送可能失败，检查日志
[2026-02-27 09:00:01] 🔄 推送到GitHub...
[2026-02-27 09:00:01] 🔄 推送到GitHub...
[main 21dc1e5] Auto-update: 2026年02月27日
 4 files changed, 56 insertions(+)
 create mode 100644 data/competitor/2026-02-27.json
 create mode 100644 data/social/2026-02-27.json
To https://github.com/skyheming/dailyResearcher.git
   e62b673..21dc1e5  main -> main
[2026-02-27 09:00:02] ✅ GitHub推送成功
[2026-02-27 09:00:02] ✅ GitHub推送成功
[2026-02-27 09:00:02] ✅ ========== 每日任务完成 ==========
[2026-02-27 09:00:02] ✅ ========== 每日任务完成 ==========
[2026-02-28 09:00:01] 🚀 ========== 开始每日任务: 2026-02-28 ==========
[2026-02-28 09:00:01] 🚀 ========== 开始每日任务: 2026-02-28 ==========
[2026-02-28 09:00:01] 📊 生成数据...
[2026-02-28 09:00:01] 📊 生成数据...
[2026-02-28 09:00:01] ✅ 数据已生成
[2026-02-28 09:00:01] ✅ 数据已生成
[2026-02-28 09:00:01] 📱 发送Telegram消息...
[2026-02-28 09:00:01] 📱 发送Telegram消息...
/usr/bin/env: ‘node’: No such file or directory
[2026-02-28 09:00:01] ⚠️ Telegram发送可能失败，检查日志
[2026-02-28 09:00:01] ⚠️ Telegram发送可能失败，检查日志
[2026-02-28 09:00:01] 🔄 推送到GitHub...
[2026-02-28 09:00:01] 🔄 推送到GitHub...
[main 05665b1] Auto-update: 2026年02月28日
 4 files changed, 57 insertions(+)
 create mode 100644 data/competitor/2026-02-28.json
 create mode 100644 data/social/2026-02-28.json
To https://github.com/skyheming/dailyResearcher.git
   21dc1e5..05665b1  main -> main
[2026-02-28 09:00:03] ✅ GitHub推送成功
[2026-02-28 09:00:03] ✅ GitHub推送成功
[2026-02-28 09:00:03] ✅ ========== 每日任务完成 ==========
[2026-02-28 09:00:03] ✅ ========== 每日任务完成 ==========
[2026-03-01 09:00:01] 🚀 ========== 开始每日任务: 2026-03-01 ==========
[2026-03-01 09:00:01] 🚀 ========== 开始每日任务: 2026-03-01 ==========
[2026-03-01 09:00:01] 📊 生成数据...
[2026-03-01 09:00:01] 📊 生成数据...
[2026-03-01 09:00:01] ✅ 数据已生成
[2026-03-01 09:00:01] ✅ 数据已生成
[2026-03-01 09:00:01] 📱 发送Telegram消息...
[2026-03-01 09:00:01] 📱 发送Telegram消息...
/usr/bin/env: ‘node’: No such file or directory
[2026-03-01 09:00:01] ⚠️ Telegram发送可能失败，检查日志
[2026-03-01 09:00:01] ⚠️ Telegram发送可能失败，检查日志
[2026-03-01 09:00:01] 🔄 推送到GitHub...
[2026-03-01 09:00:01] 🔄 推送到GitHub...
[main fdb84ea] Auto-update: 2026年03月01日
 4 files changed, 56 insertions(+)
 create mode 100644 data/competitor/2026-03-01.json
 create mode 100644 data/social/2026-03-01.json
To https://github.com/skyheming/dailyResearcher.git
   05665b1..fdb84ea  main -> main
[2026-03-01 09:00:03] ✅ GitHub推送成功
[2026-03-01 09:00:03] ✅ GitHub推送成功
[2026-03-01 09:00:03] ✅ ========== 每日任务完成 ==========
[2026-03-01 09:00:03] ✅ ========== 每日任务完成 ==========
[2026-03-02 09:00:01] 🚀 ========== 开始每日任务: 2026-03-02 ==========
[2026-03-02 09:00:01] 🚀 ========== 开始每日任务: 2026-03-02 ==========
[2026-03-02 09:00:01] 📊 生成数据...
[2026-03-02 09:00:01] 📊 生成数据...
[2026-03-02 09:00:01] ✅ 数据已生成
[2026-03-02 09:00:01] ✅ 数据已生成
[2026-03-02 09:00:01] 📱 发送Telegram消息...
[2026-03-02 09:00:01] 📱 发送Telegram消息...
/usr/bin/env: ‘node’: No such file or directory
[2026-03-02 09:00:01] ⚠️ Telegram发送可能失败，检查日志
[2026-03-02 09:00:01] ⚠️ Telegram发送可能失败，检查日志
[2026-03-02 09:00:01] 🔄 推送到GitHub...
[2026-03-02 09:00:01] 🔄 推送到GitHub...
[main 97604b7] Auto-update: 2026年03月02日
 4 files changed, 55 insertions(+)
 create mode 100644 data/competitor/2026-03-02.json
 create mode 100644 data/social/2026-03-02.json
To https://github.com/skyheming/dailyResearcher.git
   fdb84ea..97604b7  main -> main
[2026-03-02 09:00:02] ✅ GitHub推送成功
[2026-03-02 09:00:02] ✅ GitHub推送成功
[2026-03-02 09:00:02] ✅ ========== 每日任务完成 ==========
[2026-03-02 09:00:02] ✅ ========== 每日任务完成 ==========
[2026-03-03 09:00:01] 🚀 ========== 开始每日任务: 2026-03-03 ==========
[2026-03-03 09:00:01] 🚀 ========== 开始每日任务: 2026-03-03 ==========
[2026-03-03 09:00:01] 📊 生成数据...
[2026-03-03 09:00:01] 📊 生成数据...
[2026-03-03 09:00:01] ✅ 数据已生成
[2026-03-03 09:00:01] ✅ 数据已生成
[2026-03-03 09:00:01] 📱 发送Telegram消息...
[2026-03-03 09:00:01] 📱 发送Telegram消息...
/usr/bin/env: ‘node’: No such file or directory
[2026-03-03 09:00:01] ⚠️ Telegram发送可能失败，检查日志
[2026-03-03 09:00:01] ⚠️ Telegram发送可能失败，检查日志
[2026-03-03 09:00:01] 🔄 推送到GitHub...
[2026-03-03 09:00:01] 🔄 推送到GitHub...
[main e03db66] Auto-update: 2026年03月03日
 4 files changed, 58 insertions(+)
 create mode 100644 data/competitor/2026-03-03.json
 create mode 100644 data/social/2026-03-03.json
To https://github.com/skyheming/dailyResearcher.git
   97604b7..e03db66  main -> main
[2026-03-03 09:00:03] ✅ GitHub推送成功
[2026-03-03 09:00:03] ✅ GitHub推送成功
[2026-03-03 09:00:03] ✅ ========== 每日任务完成 ==========
[2026-03-03 09:00:03] ✅ ========== 每日任务完成 ==========
[2026-03-04 09:00:01] 🚀 ========== 开始每日任务: 2026-03-04 ==========
[2026-03-04 09:00:01] 🚀 ========== 开始每日任务: 2026-03-04 ==========
[2026-03-04 09:00:01] 📊 生成数据...
[2026-03-04 09:00:01] 📊 生成数据...
[2026-03-04 09:00:01] ✅ 数据已生成
[2026-03-04 09:00:01] ✅ 数据已生成
[2026-03-04 09:00:01] 📱 发送Telegram消息...
[2026-03-04 09:00:01] 📱 发送Telegram消息...
/usr/bin/env: ‘node’: No such file or directory
[2026-03-04 09:00:01] ⚠️ Telegram发送可能失败，检查日志
[2026-03-04 09:00:01] ⚠️ Telegram发送可能失败，检查日志
[2026-03-04 09:00:01] 🔄 推送到GitHub...
[2026-03-04 09:00:01] 🔄 推送到GitHub...
[main 3845d0a] Auto-update: 2026年03月04日
 4 files changed, 56 insertions(+)
 create mode 100644 data/competitor/2026-03-04.json
 create mode 100644 data/social/2026-03-04.json
To https://github.com/skyheming/dailyResearcher.git
   e03db66..3845d0a  main -> main
[2026-03-04 09:00:02] ✅ GitHub推送成功
[2026-03-04 09:00:02] ✅ GitHub推送成功
[2026-03-04 09:00:02] ✅ ========== 每日任务完成 ==========
[2026-03-04 09:00:02] ✅ ========== 每日任务完成 ==========
[2026-03-05 09:00:01] 🚀 ========== 开始每日任务: 2026-03-05 ==========
[2026-03-05 09:00:01] 🚀 ========== 开始每日任务: 2026-03-05 ==========
[2026-03-05 09:00:01] 📊 生成数据...
[2026-03-05 09:00:01] 📊 生成数据...
[2026-03-05 09:00:01] ✅ 数据已生成
[2026-03-05 09:00:01] ✅ 数据已生成
[2026-03-05 09:00:01] 📱 发送Telegram消息...
[2026-03-05 09:00:01] 📱 发送Telegram消息...
/usr/bin/env: ‘node’: No such file or directory
[2026-03-05 09:00:01] ⚠️ Telegram发送可能失败，检查日志
[2026-03-05 09:00:01] ⚠️ Telegram发送可能失败，检查日志
[2026-03-05 09:00:01] 🔄 推送到GitHub...
[2026-03-05 09:00:01] 🔄 推送到GitHub...
[main 905315f] Auto-update: 2026年03月05日
 3 files changed, 54 insertions(+)
 create mode 100644 data/competitor/2026-03-05.json
 create mode 100644 data/social/2026-03-05.json
To https://github.com/skyheming/dailyResearcher.git
   3845d0a..905315f  main -> main
[2026-03-05 09:00:02] ✅ GitHub推送成功
[2026-03-05 09:00:02] ✅ GitHub推送成功
[2026-03-05 09:00:02] ✅ ========== 每日任务完成 ==========
[2026-03-05 09:00:02] ✅ ========== 每日任务完成 ==========
[2026-03-06 09:00:01] 🚀 ========== 开始每日任务: 2026-03-06 ==========
[2026-03-06 09:00:01] 🚀 ========== 开始每日任务: 2026-03-06 ==========
[2026-03-06 09:00:01] 📊 生成数据...
[2026-03-06 09:00:01] 📊 生成数据...
[2026-03-06 09:00:01] ✅ 数据已生成
[2026-03-06 09:00:01] ✅ 数据已生成
[2026-03-06 09:00:01] 📱 发送Telegram消息...
[2026-03-06 09:00:02] 📱 发送Telegram消息...
/usr/bin/env: ‘node’: No such file or directory
[2026-03-06 09:00:02] ⚠️ Telegram发送可能失败，检查日志
[2026-03-06 09:00:02] ⚠️ Telegram发送可能失败，检查日志
[2026-03-06 09:00:02] 🔄 推送到GitHub...
[2026-03-06 09:00:02] 🔄 推送到GitHub...
[main 0c86da2] Auto-update: 2026年03月06日
 4 files changed, 57 insertions(+)
 create mode 100644 data/competitor/2026-03-06.json
 create mode 100644 data/social/2026-03-06.json
To https://github.com/skyheming/dailyResearcher.git
   905315f..0c86da2  main -> main
[2026-03-06 09:00:03] ✅ GitHub推送成功
[2026-03-06 09:00:03] ✅ GitHub推送成功
[2026-03-06 09:00:03] ✅ ========== 每日任务完成 ==========
[2026-03-06 09:00:03] ✅ ========== 每日任务完成 ==========
[2026-03-07 09:00:01] 🚀 ========== 开始每日任务: 2026-03-07 ==========
[2026-03-07 09:00:01] 🚀 ========== 开始每日任务: 2026-03-07 ==========
[2026-03-07 09:00:01] 📊 生成数据...
[2026-03-07 09:00:01] 📊 生成数据...
[2026-03-07 09:00:01] ✅ 数据已生成
[2026-03-07 09:00:01] ✅ 数据已生成
[2026-03-07 09:00:01] 📱 发送Telegram消息...
[2026-03-07 09:00:01] 📱 发送Telegram消息...
/usr/bin/env: ‘node’: No such file or directory
[2026-03-07 09:00:01] ⚠️ Telegram发送可能失败，检查日志
[2026-03-07 09:00:01] ⚠️ Telegram发送可能失败，检查日志
[2026-03-07 09:00:01] 🔄 推送到GitHub...
[2026-03-07 09:00:01] 🔄 推送到GitHub...
[main e8ef987] Auto-update: 2026年03月07日
 4 files changed, 56 insertions(+)
 create mode 100644 data/competitor/2026-03-07.json
 create mode 100644 data/social/2026-03-07.json
To https://github.com/skyheming/dailyResearcher.git
   0c86da2..e8ef987  main -> main
[2026-03-07 09:00:02] ✅ GitHub推送成功
[2026-03-07 09:00:02] ✅ GitHub推送成功
[2026-03-07 09:00:02] ✅ ========== 每日任务完成 ==========
[2026-03-07 09:00:02] ✅ ========== 每日任务完成 ==========
[2026-03-08 09:00:02] 🚀 ========== 开始每日任务: 2026-03-08 ==========
[2026-03-08 09:00:02] 🚀 ========== 开始每日任务: 2026-03-08 ==========
[2026-03-08 09:00:02] 📊 生成数据...
[2026-03-08 09:00:02] 📊 生成数据...
[2026-03-08 09:00:02] ✅ 数据已生成
[2026-03-08 09:00:02] ✅ 数据已生成
[2026-03-08 09:00:02] 📱 发送Telegram消息...
[2026-03-08 09:00:02] 📱 发送Telegram消息...
/usr/bin/env: ‘node’: No such file or directory
[2026-03-08 09:00:02] ⚠️ Telegram发送可能失败，检查日志
[2026-03-08 09:00:02] ⚠️ Telegram发送可能失败，检查日志
[2026-03-08 09:00:02] 🔄 推送到GitHub...
[2026-03-08 09:00:02] 🔄 推送到GitHub...
[main 243d931] Auto-update: 2026年03月08日
 4 files changed, 56 insertions(+)
 create mode 100644 data/competitor/2026-03-08.json
 create mode 100644 data/social/2026-03-08.json
To https://github.com/skyheming/dailyResearcher.git
   e8ef987..243d931  main -> main
[2026-03-08 09:00:03] ✅ GitHub推送成功
[2026-03-08 09:00:03] ✅ GitHub推送成功
[2026-03-08 09:00:03] ✅ ========== 每日任务完成 ==========
[2026-03-08 09:00:03] ✅ ========== 每日任务完成 ==========
[2026-03-09 09:00:01] 🚀 ========== 开始每日任务: 2026-03-09 ==========
[2026-03-09 09:00:01] 🚀 ========== 开始每日任务: 2026-03-09 ==========
[2026-03-09 09:00:01] 📊 生成数据...
[2026-03-09 09:00:01] 📊 生成数据...
[2026-03-09 09:00:01] ✅ 数据已生成
[2026-03-09 09:00:01] ✅ 数据已生成
[2026-03-09 09:00:01] 📱 发送Telegram消息...
[2026-03-09 09:00:01] 📱 发送Telegram消息...
/usr/bin/env: ‘node’: No such file or directory
[2026-03-09 09:00:01] ⚠️ Telegram发送可能失败，检查日志
[2026-03-09 09:00:01] ⚠️ Telegram发送可能失败，检查日志
[2026-03-09 09:00:01] 🔄 推送到GitHub...
[2026-03-09 09:00:01] 🔄 推送到GitHub...
[main a093c2e] Auto-update: 2026年03月09日
 4 files changed, 55 insertions(+)
 create mode 100644 data/competitor/2026-03-09.json
 create mode 100644 data/social/2026-03-09.json
To https://github.com/skyheming/dailyResearcher.git
   243d931..a093c2e  main -> main
[2026-03-09 09:00:02] ✅ GitHub推送成功
[2026-03-09 09:00:02] ✅ GitHub推送成功
[2026-03-09 09:00:02] ✅ ========== 每日任务完成 ==========
[2026-03-09 09:00:02] ✅ ========== 每日任务完成 ==========
[2026-03-10 09:00:01] 🚀 ========== 开始每日任务: 2026-03-10 ==========
[2026-03-10 09:00:01] 🚀 ========== 开始每日任务: 2026-03-10 ==========
[2026-03-10 09:00:01] 📊 生成数据...
[2026-03-10 09:00:01] 📊 生成数据...
[2026-03-10 09:00:01] ✅ 数据已生成
[2026-03-10 09:00:01] ✅ 数据已生成
[2026-03-10 09:00:01] 📱 发送Telegram消息...
[2026-03-10 09:00:01] 📱 发送Telegram消息...
/usr/bin/env: ‘node’: No such file or directory
[2026-03-10 09:00:01] ⚠️ Telegram发送可能失败，检查日志
[2026-03-10 09:00:01] ⚠️ Telegram发送可能失败，检查日志
[2026-03-10 09:00:01] 🔄 推送到GitHub...
[2026-03-10 09:00:01] 🔄 推送到GitHub...
[main 81e1037] Auto-update: 2026年03月10日
 4 files changed, 58 insertions(+)
 create mode 100644 data/competitor/2026-03-10.json
 create mode 100644 data/social/2026-03-10.json
To https://github.com/skyheming/dailyResearcher.git
   a093c2e..81e1037  main -> main
[2026-03-10 09:00:03] ✅ GitHub推送成功
[2026-03-10 09:00:03] ✅ GitHub推送成功
[2026-03-10 09:00:03] ✅ ========== 每日任务完成 ==========
[2026-03-10 09:00:03] ✅ ========== 每日任务完成 ==========
[2026-03-11 09:00:01] 🚀 ========== 开始每日任务: 2026-03-11 ==========
[2026-03-11 09:00:01] 🚀 ========== 开始每日任务: 2026-03-11 ==========
[2026-03-11 09:00:01] 📊 生成数据...
[2026-03-11 09:00:01] 📊 生成数据...
[2026-03-11 09:00:01] ✅ 数据已生成
[2026-03-11 09:00:01] ✅ 数据已生成
[2026-03-11 09:00:01] 📱 发送Telegram消息...
[2026-03-11 09:00:01] 📱 发送Telegram消息...
/usr/bin/env: ‘node’: No such file or directory
[2026-03-11 09:00:01] ⚠️ Telegram发送可能失败，检查日志
[2026-03-11 09:00:01] ⚠️ Telegram发送可能失败，检查日志
[2026-03-11 09:00:01] 🔄 推送到GitHub...
[2026-03-11 09:00:01] 🔄 推送到GitHub...
[main a1f1b65] Auto-update: 2026年03月11日
 4 files changed, 55 insertions(+)
 create mode 100644 data/competitor/2026-03-11.json
 create mode 100644 data/social/2026-03-11.json
To https://github.com/skyheming/dailyResearcher.git
   81e1037..a1f1b65  main -> main
[2026-03-11 09:00:02] ✅ GitHub推送成功
[2026-03-11 09:00:02] ✅ GitHub推送成功
[2026-03-11 09:00:02] ✅ ========== 每日任务完成 ==========
[2026-03-11 09:00:02] ✅ ========== 每日任务完成 ==========
[2026-03-12 09:00:01] 🚀 ========== 开始每日任务: 2026-03-12 ==========
[2026-03-12 09:00:01] 🚀 ========== 开始每日任务: 2026-03-12 ==========
[2026-03-12 09:00:01] 📊 生成数据...
[2026-03-12 09:00:01] 📊 生成数据...
[2026-03-12 09:00:01] ✅ 数据已生成
[2026-03-12 09:00:01] ✅ 数据已生成
[2026-03-12 09:00:01] 📱 发送Telegram消息...
[2026-03-12 09:00:01] 📱 发送Telegram消息...
/usr/bin/env: ‘node’: No such file or directory
[2026-03-12 09:00:01] ⚠️ Telegram发送可能失败，检查日志
[2026-03-12 09:00:01] ⚠️ Telegram发送可能失败，检查日志
[2026-03-12 09:00:01] 🔄 推送到GitHub...
[2026-03-12 09:00:01] 🔄 推送到GitHub...
[main af6e2c8] Auto-update: 2026年03月12日
 4 files changed, 55 insertions(+)
 create mode 100644 data/competitor/2026-03-12.json
 create mode 100644 data/social/2026-03-12.json
To https://github.com/skyheming/dailyResearcher.git
   a1f1b65..af6e2c8  main -> main
[2026-03-12 09:00:02] ✅ GitHub推送成功
[2026-03-12 09:00:02] ✅ GitHub推送成功
[2026-03-12 09:00:02] ✅ ========== 每日任务完成 ==========
[2026-03-12 09:00:02] ✅ ========== 每日任务完成 ==========
[2026-03-13 09:00:01] 🚀 ========== 开始每日任务: 2026-03-13 ==========
[2026-03-13 09:00:01] 🚀 ========== 开始每日任务: 2026-03-13 ==========
[2026-03-13 09:00:01] 📊 生成数据...
[2026-03-13 09:00:01] 📊 生成数据...
[2026-03-13 09:00:01] ✅ 数据已生成
[2026-03-13 09:00:01] ✅ 数据已生成
[2026-03-13 09:00:01] 📱 发送Telegram消息...
[2026-03-13 09:00:01] 📱 发送Telegram消息...
/usr/bin/env: ‘node’: No such file or directory
[2026-03-13 09:00:01] ⚠️ Telegram发送可能失败，检查日志
[2026-03-13 09:00:01] ⚠️ Telegram发送可能失败，检查日志
[2026-03-13 09:00:01] 🔄 推送到GitHub...
[2026-03-13 09:00:01] 🔄 推送到GitHub...
[main 9748ebe] Auto-update: 2026年03月13日
 4 files changed, 58 insertions(+)
 create mode 100644 data/competitor/2026-03-13.json
 create mode 100644 data/social/2026-03-13.json
To https://github.com/skyheming/dailyResearcher.git
   af6e2c8..9748ebe  main -> main
[2026-03-13 09:00:02] ✅ GitHub推送成功
[2026-03-13 09:00:02] ✅ GitHub推送成功
[2026-03-13 09:00:02] ✅ ========== 每日任务完成 ==========
[2026-03-13 09:00:02] ✅ ========== 每日任务完成 ==========
[2026-03-14 09:00:02] 🚀 ========== 开始每日任务: 2026-03-14 ==========
[2026-03-14 09:00:02] 🚀 ========== 开始每日任务: 2026-03-14 ==========
[2026-03-14 09:00:02] 📊 生成数据...
[2026-03-14 09:00:02] 📊 生成数据...
[2026-03-14 09:00:02] ✅ 数据已生成
[2026-03-14 09:00:02] ✅ 数据已生成
[2026-03-14 09:00:02] 📱 发送Telegram消息...
[2026-03-14 09:00:02] 📱 发送Telegram消息...
/usr/bin/env: ‘node’: No such file or directory
[2026-03-14 09:00:02] ⚠️ Telegram发送可能失败，检查日志
[2026-03-14 09:00:02] ⚠️ Telegram发送可能失败，检查日志
[2026-03-14 09:00:02] 🔄 推送到GitHub...
[2026-03-14 09:00:02] 🔄 推送到GitHub...
[main 38fa150] Auto-update: 2026年03月14日
 3 files changed, 54 insertions(+)
 create mode 100644 data/competitor/2026-03-14.json
 create mode 100644 data/social/2026-03-14.json
To https://github.com/skyheming/dailyResearcher.git
   9748ebe..38fa150  main -> main
[2026-03-14 09:00:03] ✅ GitHub推送成功
[2026-03-14 09:00:03] ✅ GitHub推送成功
[2026-03-14 09:00:03] ✅ ========== 每日任务完成 ==========
[2026-03-14 09:00:03] ✅ ========== 每日任务完成 ==========
[2026-03-15 09:00:02] 🚀 ========== 开始每日任务: 2026-03-15 ==========
[2026-03-15 09:00:02] 🚀 ========== 开始每日任务: 2026-03-15 ==========
[2026-03-15 09:00:02] 📊 生成数据...
[2026-03-15 09:00:02] 📊 生成数据...
[2026-03-15 09:00:02] ✅ 数据已生成
[2026-03-15 09:00:02] ✅ 数据已生成
[2026-03-15 09:00:02] 📱 发送Telegram消息...
[2026-03-15 09:00:02] 📱 发送Telegram消息...
/usr/bin/env: ‘node’: No such file or directory
[2026-03-15 09:00:02] ⚠️ Telegram发送可能失败，检查日志
[2026-03-15 09:00:02] ⚠️ Telegram发送可能失败，检查日志
[2026-03-15 09:00:02] 🔄 推送到GitHub...
[2026-03-15 09:00:02] 🔄 推送到GitHub...
[main b557019] Auto-update: 2026年03月15日
 4 files changed, 58 insertions(+)
 create mode 100644 data/competitor/2026-03-15.json
 create mode 100644 data/social/2026-03-15.json
To https://github.com/skyheming/dailyResearcher.git
   38fa150..b557019  main -> main
[2026-03-15 09:00:03] ✅ GitHub推送成功
[2026-03-15 09:00:03] ✅ GitHub推送成功
[2026-03-15 09:00:03] ✅ ========== 每日任务完成 ==========
[2026-03-15 09:00:03] ✅ ========== 每日任务完成 ==========
[2026-03-16 09:00:01] 🚀 ========== 开始每日任务: 2026-03-16 ==========
[2026-03-16 09:00:01] 🚀 ========== 开始每日任务: 2026-03-16 ==========
[2026-03-16 09:00:01] 📊 生成数据...
[2026-03-16 09:00:01] 📊 生成数据...
[2026-03-16 09:00:01] ✅ 数据已生成
[2026-03-16 09:00:01] ✅ 数据已生成
[2026-03-16 09:00:01] 📱 发送Telegram消息...
[2026-03-16 09:00:01] 📱 发送Telegram消息...
/usr/bin/env: ‘node’: No such file or directory
[2026-03-16 09:00:01] ⚠️ Telegram发送可能失败，检查日志
[2026-03-16 09:00:01] ⚠️ Telegram发送可能失败，检查日志
[2026-03-16 09:00:01] 🔄 推送到GitHub...
[2026-03-16 09:00:01] 🔄 推送到GitHub...
[main 53591de] Auto-update: 2026年03月16日
 4 files changed, 55 insertions(+)
 create mode 100644 data/competitor/2026-03-16.json
 create mode 100644 data/social/2026-03-16.json
To https://github.com/skyheming/dailyResearcher.git
   b557019..53591de  main -> main
[2026-03-16 09:00:03] ✅ GitHub推送成功
[2026-03-16 09:00:03] ✅ GitHub推送成功
[2026-03-16 09:00:03] ✅ ========== 每日任务完成 ==========
[2026-03-16 09:00:03] ✅ ========== 每日任务完成 ==========
[2026-03-17 09:00:01] 🚀 ========== 开始每日任务: 2026-03-17 ==========
[2026-03-17 09:00:01] 🚀 ========== 开始每日任务: 2026-03-17 ==========
[2026-03-17 09:00:01] 📊 生成数据...
[2026-03-17 09:00:01] 📊 生成数据...
[2026-03-17 09:00:01] ✅ 数据已生成
[2026-03-17 09:00:01] ✅ 数据已生成
[2026-03-17 09:00:01] 📱 发送Telegram消息...
[2026-03-17 09:00:01] 📱 发送Telegram消息...
/usr/bin/env: ‘node’: No such file or directory
[2026-03-17 09:00:01] ⚠️ Telegram发送可能失败，检查日志
[2026-03-17 09:00:01] ⚠️ Telegram发送可能失败，检查日志
[2026-03-17 09:00:01] 🔄 推送到GitHub...
[2026-03-17 09:00:01] 🔄 推送到GitHub...
[main 2c2a64a] Auto-update: 2026年03月17日
 4 files changed, 57 insertions(+)
 create mode 100644 data/competitor/2026-03-17.json
 create mode 100644 data/social/2026-03-17.json
To https://github.com/skyheming/dailyResearcher.git
   53591de..2c2a64a  main -> main
[2026-03-17 09:00:02] ✅ GitHub推送成功
[2026-03-17 09:00:02] ✅ GitHub推送成功
[2026-03-17 09:00:02] ✅ ========== 每日任务完成 ==========
[2026-03-17 09:00:02] ✅ ========== 每日任务完成 ==========
[2026-03-18 09:00:01] 🚀 ========== 开始每日任务: 2026-03-18 ==========
[2026-03-18 09:00:01] 🚀 ========== 开始每日任务: 2026-03-18 ==========
[2026-03-18 09:00:01] 📊 生成数据...
[2026-03-18 09:00:01] 📊 生成数据...
[2026-03-18 09:00:01] ✅ 数据已生成
[2026-03-18 09:00:01] ✅ 数据已生成
[2026-03-18 09:00:01] 📱 发送Telegram消息...
[2026-03-18 09:00:01] 📱 发送Telegram消息...
/usr/bin/env: ‘node’: No such file or directory
[2026-03-18 09:00:01] ⚠️ Telegram发送可能失败，检查日志
[2026-03-18 09:00:01] ⚠️ Telegram发送可能失败，检查日志
[2026-03-18 09:00:01] 🔄 推送到GitHub...
[2026-03-18 09:00:01] 🔄 推送到GitHub...
[main 6f67117] Auto-update: 2026年03月18日
 4 files changed, 56 insertions(+)
 create mode 100644 data/competitor/2026-03-18.json
 create mode 100644 data/social/2026-03-18.json
To https://github.com/skyheming/dailyResearcher.git
   2c2a64a..6f67117  main -> main
[2026-03-18 09:00:03] ✅ GitHub推送成功
[2026-03-18 09:00:03] ✅ GitHub推送成功
[2026-03-18 09:00:03] ✅ ========== 每日任务完成 ==========
[2026-03-18 09:00:03] ✅ ========== 每日任务完成 ==========
[2026-03-19 09:00:01] 🚀 ========== 开始每日任务: 2026-03-19 ==========
[2026-03-19 09:00:01] 🚀 ========== 开始每日任务: 2026-03-19 ==========
[2026-03-19 09:00:01] 📊 生成数据...
[2026-03-19 09:00:01] 📊 生成数据...
[2026-03-19 09:00:01] ✅ 数据已生成
[2026-03-19 09:00:01] ✅ 数据已生成
[2026-03-19 09:00:01] 📱 发送Telegram消息...
[2026-03-19 09:00:01] 📱 发送Telegram消息...
/usr/bin/env: ‘node’: No such file or directory
[2026-03-19 09:00:01] ⚠️ Telegram发送可能失败，检查日志
[2026-03-19 09:00:01] ⚠️ Telegram发送可能失败，检查日志
[2026-03-19 09:00:01] 🔄 推送到GitHub...
[2026-03-19 09:00:01] 🔄 推送到GitHub...
